<?xml version="1.0" encoding="UTF-8"?>
<testsuite xmlns:xsi="http://www.w3.org/2001/XMLSchema-instance" xsi:noNamespaceSchemaLocation="https://maven.apache.org/surefire/maven-surefire-plugin/xsd/surefire-test-report.xsd" version="3.0.2" name="com.sathya.springmvc.product.SpringbootmvcProduct1ApplicationTests" time="7.071" tests="1" errors="0" skipped="0" failures="0">
  <properties>
[...]
</properties>
  <testcase name="contextLoads" classname="com.sathya.springmvc.product.SpringbootmvcProduct1ApplicationTests" time="0.681">
    <system-out><![CDATA[14:53:05.114 [main] INFO org.springframework.test.context.support.AnnotationConfigContextLoaderUtils -- Could not detect default configuration classes for test class [com.sathya.springmvc.product.SpringbootmvcProduct1ApplicationTests]: SpringbootmvcProduct1ApplicationTests does not declare any static, non-private, non-final, nested classes annotated with @Configuration.
14:53:05.259 [main] INFO org.springframework.boot.test.context.SpringBootTestContextBootstrapper -- Found @SpringBootConfiguration com.sathya.springmvc.product.SpringbootmvcProduct1Application for test class com.sathya.springmvc.product.SpringbootmvcProduct1ApplicationTests
14:53:05.486 [main] INFO org.springframework.boot.devtools.restart.RestartApplicationListener -- Restart disabled due to context in which it is running

  .   ____          _            __ _ _
 /\\ / ___'_ __ _ _(_)_ __  __ _ \ \ \ \
( ( )\___ | '_ | '_| | '_ \/ _` | \ \ \ \
 \\/  ___)| |_)| | | | | || (_| |  ) ) ) )
  '  |____| .__|_| |_|_| |_\__, | / / / /
 =========|_|==============|___/=/_/_/_/

 :: Spring Boot ::                (v3.4.0)

2024-12-22T14:53:05.937+05:30  INFO 14296 --- [springbootmvc-product-1] [           main] .p.SpringbootmvcProduct1ApplicationTests : Starting SpringbootmvcProduct1ApplicationTests using Java 21.0.5 with PID 14296 (started by dell in D:\SpringBoot Example\springbootmvc-product-1)
2024-12-22T14:53:05.939+05:30  INFO 14296 --- [springbootmvc-product-1] [           main] .p.SpringbootmvcProduct1ApplicationTests : No active profile set, falling back to 1 default profile: "default"
2024-12-22T14:53:07.048+05:30  INFO 14296 --- [springbootmvc-product-1] [           main] .s.d.r.c.RepositoryConfigurationDelegate : Bootstrapping Spring Data JPA repositories in DEFAULT mode.
2024-12-22T14:53:07.130+05:30  INFO 14296 --- [springbootmvc-product-1] [           main] .s.d.r.c.RepositoryConfigurationDelegate : Finished Spring Data repository scanning in 63 ms. Found 1 JPA repository interface.
2024-12-22T14:53:07.880+05:30  INFO 14296 --- [springbootmvc-product-1] [           main] o.hibernate.jpa.internal.util.LogHelper  : HHH000204: Processing PersistenceUnitInfo [name: default]
2024-12-22T14:53:08.060+05:30  INFO 14296 --- [springbootmvc-product-1] [           main] org.hibernate.Version                    : HHH000412: Hibernate ORM core version 6.6.2.Final
2024-12-22T14:53:08.123+05:30  INFO 14296 --- [springbootmvc-product-1] [           main] o.h.c.internal.RegionFactoryInitiator    : HHH000026: Second-level cache disabled
2024-12-22T14:53:08.613+05:30  INFO 14296 --- [springbootmvc-product-1] [           main] o.s.o.j.p.SpringPersistenceUnitInfo      : No LoadTimeWeaver setup: ignoring JPA class transformer
2024-12-22T14:53:08.653+05:30  INFO 14296 --- [springbootmvc-product-1] [           main] com.zaxxer.hikari.HikariDataSource       : HikariPool-1 - Starting...
2024-12-22T14:53:08.888+05:30  INFO 14296 --- [springbootmvc-product-1] [           main] com.zaxxer.hikari.pool.HikariPool        : HikariPool-1 - Added connection conn0: url=jdbc:h2:mem:testdb user=SA
2024-12-22T14:53:08.890+05:30  INFO 14296 --- [springbootmvc-product-1] [           main] com.zaxxer.hikari.HikariDataSource       : HikariPool-1 - Start completed.
2024-12-22T14:53:08.923+05:30  WARN 14296 --- [springbootmvc-product-1] [           main] org.hibernate.orm.deprecation            : HHH90000025: H2Dialect does not need to be specified explicitly using 'hibernate.dialect' (remove the property setting and it will be selected by default)
2024-12-22T14:53:08.949+05:30  INFO 14296 --- [springbootmvc-product-1] [           main] org.hibernate.orm.connections.pooling    : HHH10001005: Database info:
	Database JDBC URL [Connecting through datasource 'HikariDataSource (HikariPool-1)']
	Database driver: undefined/unknown
	Database version: 2.3.232
	Autocommit mode: undefined/unknown
	Isolation level: undefined/unknown
	Minimum pool size: undefined/unknown
	Maximum pool size: undefined/unknown
Hibernate: 
    create global temporary table HTE_product(quantity integer, rn_ integer not null, discountprice float(53), discountrate float(53), finalprice float(53), id bigint, offerprice float(53), price float(53), stockvalue float(53), taxprice float(53), brand varchar(255), madein varchar(255), name varchar(255), primary key (rn_)) TRANSACTIONAL
2024-12-22T14:53:09.969+05:30  INFO 14296 --- [springbootmvc-product-1] [           main] o.h.e.t.j.p.i.JtaPlatformInitiator       : HHH000489: No JTA platform available (set 'hibernate.transaction.jta.platform' to enable JTA platform integration)
Hibernate: 
    drop table if exists product cascade 
Hibernate: 
    drop sequence if exists product_seq
Hibernate: 
    create sequence product_seq start with 1 increment by 50
Hibernate: 
    create table product (
        discountprice float(53) not null,
        discountrate float(53) not null,
        finalprice float(53) not null,
        offerprice float(53) not null,
        price float(53) not null,
        quantity integer not null,
        stockvalue float(53) not null,
        taxprice float(53) not null,
        id bigint not null,
        brand varchar(255),
        madein varchar(255),
        name varchar(255),
        primary key (id)
    )
2024-12-22T14:53:09.997+05:30  INFO 14296 --- [springbootmvc-product-1] [           main] j.LocalContainerEntityManagerFactoryBean : Initialized JPA EntityManagerFactory for persistence unit 'default'
2024-12-22T14:53:10.634+05:30  WARN 14296 --- [springbootmvc-product-1] [           main] JpaBaseConfiguration$JpaWebConfiguration : spring.jpa.open-in-view is enabled by default. Therefore, database queries may be performed during view rendering. Explicitly configure spring.jpa.open-in-view to disable this warning
2024-12-22T14:53:11.143+05:30  INFO 14296 --- [springbootmvc-product-1] [           main] o.s.b.a.h2.H2ConsoleAutoConfiguration    : H2 console available at '/h2-console'. Database available at 'jdbc:h2:mem:testdb'
2024-12-22T14:53:11.239+05:30  INFO 14296 --- [springbootmvc-product-1] [           main] .p.SpringbootmvcProduct1ApplicationTests : Started SpringbootmvcProduct1ApplicationTests in 5.778 seconds (process running for 7.072)
]]></system-out>
    <system-err><![CDATA[Mockito is currently self-attaching to enable the inline-mock-maker. This will no longer work in future releases of the JDK. Please add Mockito as an agent to your build what is described in Mockito's documentation: https://javadoc.io/doc/org.mockito/mockito-core/latest/org/mockito/Mockito.html#0.3
WARNING: A Java agent has been loaded dynamically (C:\Users\dell\.m2\repository\net\bytebuddy\byte-buddy-agent\1.15.10\byte-buddy-agent-1.15.10.jar)
WARNING: If a serviceability tool is in use, please run with -XX:+EnableDynamicAgentLoading to hide this warning
WARNING: If a serviceability tool is not in use, please run with -Djdk.instrument.traceUsage for more information
WARNING: Dynamic loading of agents will be disallowed by default in a future release
]]></system-err>
  </testcase>
</testsuite>